{"D:\\projects\\keijibanApp\\app.js": {"path":"D:\\projects\\keijibanApp\\app.js","statementMap":{"0":{"start":{"line":1,"column":16},"end":{"line":1,"column":34}},"1":{"start":{"line":2,"column":12},"end":{"line":2,"column":21}},"2":{"start":{"line":3,"column":16},"end":{"line":3,"column":40}},"3":{"start":{"line":5,"column":0},"end":{"line":5,"column":13}},"4":{"start":{"line":7,"column":0},"end":{"line":7,"column":21}}},"fnMap":{},"branchMap":{},"s":{"0":4,"1":4,"2":4,"3":4,"4":4},"f":{},"b":{},"_coverageSchema":"1a1c01bbd47fc00a2c39e90264f33305004495a9","hash":"65a52662651538bf80b46790a39215a4b1bd4318"}
,"D:\\projects\\keijibanApp\\src\\configs\\config.js": {"path":"D:\\projects\\keijibanApp\\src\\configs\\config.js","statementMap":{"0":{"start":{"line":1,"column":0},"end":{"line":13,"column":2}}},"fnMap":{},"branchMap":{},"s":{"0":4},"f":{},"b":{},"_coverageSchema":"1a1c01bbd47fc00a2c39e90264f33305004495a9","hash":"8e98a0ad195420018ed9534e12dcab0943d6a695"}
,"D:\\projects\\keijibanApp\\src\\db\\index.js": {"path":"D:\\projects\\keijibanApp\\src\\db\\index.js","statementMap":{"0":{"start":{"line":1,"column":17},"end":{"line":1,"column":30}},"1":{"start":{"line":2,"column":15},"end":{"line":2,"column":46}},"2":{"start":{"line":3,"column":25},"end":{"line":3,"column":102}},"3":{"start":{"line":5,"column":13},"end":{"line":7,"column":2}},"4":{"start":{"line":9,"column":0},"end":{"line":16,"column":2}},"5":{"start":{"line":11,"column":4},"end":{"line":11,"column":42}},"6":{"start":{"line":14,"column":4},"end":{"line":14,"column":15}}},"fnMap":{"0":{"name":"(anonymous_0)","decl":{"start":{"line":10,"column":2},"end":{"line":10,"column":3}},"loc":{"start":{"line":10,"column":28},"end":{"line":12,"column":3}},"line":10},"1":{"name":"(anonymous_1)","decl":{"start":{"line":13,"column":2},"end":{"line":13,"column":3}},"loc":{"start":{"line":13,"column":14},"end":{"line":15,"column":3}},"line":13}},"branchMap":{},"s":{"0":4,"1":4,"2":4,"3":4,"4":4,"5":2,"6":1},"f":{"0":2,"1":1},"b":{},"_coverageSchema":"1a1c01bbd47fc00a2c39e90264f33305004495a9","hash":"b7193498d3425b8a20628a02332c2964fe94694c"}
,"D:\\projects\\keijibanApp\\src\\loaders\\index.js": {"path":"D:\\projects\\keijibanApp\\src\\loaders\\index.js","statementMap":{"0":{"start":{"line":1,"column":15},"end":{"line":1,"column":32}},"1":{"start":{"line":2,"column":19},"end":{"line":2,"column":41}},"2":{"start":{"line":3,"column":13},"end":{"line":3,"column":28}},"3":{"start":{"line":4,"column":23},"end":{"line":4,"column":53}},"4":{"start":{"line":5,"column":21},"end":{"line":5,"column":49}},"5":{"start":{"line":7,"column":0},"end":{"line":15,"column":2}},"6":{"start":{"line":8,"column":2},"end":{"line":8,"column":25}},"7":{"start":{"line":9,"column":2},"end":{"line":9,"column":18}},"8":{"start":{"line":10,"column":2},"end":{"line":10,"column":54}},"9":{"start":{"line":11,"column":2},"end":{"line":11,"column":29}},"10":{"start":{"line":13,"column":2},"end":{"line":13,"column":22}},"11":{"start":{"line":14,"column":2},"end":{"line":14,"column":20}}},"fnMap":{"0":{"name":"(anonymous_0)","decl":{"start":{"line":7,"column":17},"end":{"line":7,"column":18}},"loc":{"start":{"line":7,"column":26},"end":{"line":15,"column":1}},"line":7}},"branchMap":{},"s":{"0":4,"1":4,"2":4,"3":4,"4":4,"5":4,"6":4,"7":4,"8":4,"9":4,"10":4,"11":4},"f":{"0":4},"b":{},"_coverageSchema":"1a1c01bbd47fc00a2c39e90264f33305004495a9","hash":"a59c4e35201aec2534b3f17e1ce281b8949a264d"}
,"D:\\projects\\keijibanApp\\src\\loaders\\passportLoader.js": {"path":"D:\\projects\\keijibanApp\\src\\loaders\\passportLoader.js","statementMap":{"0":{"start":{"line":1,"column":17},"end":{"line":1,"column":36}},"1":{"start":{"line":2,"column":22},"end":{"line":2,"column":47}},"2":{"start":{"line":3,"column":18},"end":{"line":3,"column":46}},"3":{"start":{"line":4,"column":26},"end":{"line":4,"column":41}},"4":{"start":{"line":5,"column":16},"end":{"line":5,"column":42}},"5":{"start":{"line":6,"column":19},"end":{"line":6,"column":58}},"6":{"start":{"line":7,"column":15},"end":{"line":7,"column":32}},"7":{"start":{"line":9,"column":0},"end":{"line":58,"column":2}},"8":{"start":{"line":10,"column":2},"end":{"line":16,"column":4}},"9":{"start":{"line":18,"column":2},"end":{"line":18,"column":44}},"10":{"start":{"line":20,"column":2},"end":{"line":45,"column":4}},"11":{"start":{"line":22,"column":6},"end":{"line":43,"column":7}},"12":{"start":{"line":23,"column":21},"end":{"line":23,"column":70}},"13":{"start":{"line":25,"column":8},"end":{"line":29,"column":9}},"14":{"start":{"line":26,"column":10},"end":{"line":28,"column":13}},"15":{"start":{"line":32,"column":22},"end":{"line":32,"column":67}},"16":{"start":{"line":34,"column":8},"end":{"line":38,"column":9}},"17":{"start":{"line":35,"column":10},"end":{"line":37,"column":13}},"18":{"start":{"line":40,"column":8},"end":{"line":40,"column":30}},"19":{"start":{"line":42,"column":8},"end":{"line":42,"column":23}},"20":{"start":{"line":47,"column":2},"end":{"line":51,"column":5}},"21":{"start":{"line":48,"column":4},"end":{"line":50,"column":7}},"22":{"start":{"line":49,"column":6},"end":{"line":49,"column":57}},"23":{"start":{"line":53,"column":2},"end":{"line":57,"column":5}},"24":{"start":{"line":54,"column":4},"end":{"line":56,"column":7}},"25":{"start":{"line":55,"column":6},"end":{"line":55,"column":28}}},"fnMap":{"0":{"name":"(anonymous_0)","decl":{"start":{"line":9,"column":17},"end":{"line":9,"column":18}},"loc":{"start":{"line":9,"column":26},"end":{"line":58,"column":1}},"line":9},"1":{"name":"(anonymous_1)","decl":{"start":{"line":21,"column":22},"end":{"line":21,"column":23}},"loc":{"start":{"line":21,"column":56},"end":{"line":44,"column":5}},"line":21},"2":{"name":"(anonymous_2)","decl":{"start":{"line":47,"column":25},"end":{"line":47,"column":26}},"loc":{"start":{"line":47,"column":39},"end":{"line":51,"column":3}},"line":47},"3":{"name":"(anonymous_3)","decl":{"start":{"line":48,"column":21},"end":{"line":48,"column":22}},"loc":{"start":{"line":48,"column":27},"end":{"line":50,"column":5}},"line":48},"4":{"name":"(anonymous_4)","decl":{"start":{"line":53,"column":27},"end":{"line":53,"column":28}},"loc":{"start":{"line":53,"column":41},"end":{"line":57,"column":3}},"line":53},"5":{"name":"(anonymous_5)","decl":{"start":{"line":54,"column":21},"end":{"line":54,"column":22}},"loc":{"start":{"line":54,"column":27},"end":{"line":56,"column":5}},"line":54}},"branchMap":{"0":{"loc":{"start":{"line":25,"column":8},"end":{"line":29,"column":9}},"type":"if","locations":[{"start":{"line":25,"column":8},"end":{"line":29,"column":9}},{"start":{},"end":{}}],"line":25},"1":{"loc":{"start":{"line":34,"column":8},"end":{"line":38,"column":9}},"type":"if","locations":[{"start":{"line":34,"column":8},"end":{"line":38,"column":9}},{"start":{},"end":{}}],"line":34}},"s":{"0":4,"1":4,"2":4,"3":4,"4":4,"5":4,"6":4,"7":4,"8":4,"9":4,"10":4,"11":0,"12":0,"13":0,"14":0,"15":0,"16":0,"17":0,"18":0,"19":0,"20":4,"21":0,"22":0,"23":4,"24":0,"25":0},"f":{"0":4,"1":0,"2":0,"3":0,"4":0,"5":0},"b":{"0":[0,0],"1":[0,0]},"_coverageSchema":"1a1c01bbd47fc00a2c39e90264f33305004495a9","hash":"05dfe9a3d4fced5eb8214f509af117fb9829f2c2"}
,"D:\\projects\\keijibanApp\\src\\loaders\\routesLoader.js": {"path":"D:\\projects\\keijibanApp\\src\\loaders\\routesLoader.js","statementMap":{"0":{"start":{"line":1,"column":15},"end":{"line":1,"column":45}},"1":{"start":{"line":2,"column":16},"end":{"line":2,"column":47}},"2":{"start":{"line":3,"column":13},"end":{"line":3,"column":41}},"3":{"start":{"line":4,"column":13},"end":{"line":4,"column":41}},"4":{"start":{"line":6,"column":0},"end":{"line":15,"column":2}},"5":{"start":{"line":7,"column":2},"end":{"line":9,"column":5}},"6":{"start":{"line":8,"column":4},"end":{"line":8,"column":29}},"7":{"start":{"line":11,"column":2},"end":{"line":11,"column":33}},"8":{"start":{"line":12,"column":2},"end":{"line":12,"column":35}},"9":{"start":{"line":13,"column":2},"end":{"line":13,"column":29}},"10":{"start":{"line":14,"column":2},"end":{"line":14,"column":29}}},"fnMap":{"0":{"name":"(anonymous_0)","decl":{"start":{"line":6,"column":17},"end":{"line":6,"column":18}},"loc":{"start":{"line":6,"column":26},"end":{"line":15,"column":1}},"line":6},"1":{"name":"(anonymous_1)","decl":{"start":{"line":7,"column":15},"end":{"line":7,"column":16}},"loc":{"start":{"line":7,"column":29},"end":{"line":9,"column":3}},"line":7}},"branchMap":{},"s":{"0":4,"1":4,"2":4,"3":4,"4":4,"5":4,"6":1,"7":4,"8":4,"9":4,"10":4},"f":{"0":4,"1":1},"b":{},"_coverageSchema":"1a1c01bbd47fc00a2c39e90264f33305004495a9","hash":"0666cb9c8330cc784c00b5a2a6bfebd60723c56a"}
,"D:\\projects\\keijibanApp\\src\\models\\comment.js": {"path":"D:\\projects\\keijibanApp\\src\\models\\comment.js","statementMap":{"0":{"start":{"line":1,"column":11},"end":{"line":1,"column":36}},"1":{"start":{"line":3,"column":0},"end":{"line":106,"column":2}},"2":{"start":{"line":5,"column":54},"end":{"line":5,"column":58}},"3":{"start":{"line":6,"column":22},"end":{"line":6,"column":32}},"4":{"start":{"line":8,"column":4},"end":{"line":22,"column":5}},"5":{"start":{"line":9,"column":19},"end":{"line":9,"column":131}},"6":{"start":{"line":10,"column":21},"end":{"line":10,"column":71}},"7":{"start":{"line":12,"column":18},"end":{"line":12,"column":46}},"8":{"start":{"line":13,"column":6},"end":{"line":13,"column":21}},"9":{"start":{"line":15,"column":6},"end":{"line":17,"column":7}},"10":{"start":{"line":16,"column":8},"end":{"line":16,"column":27}},"11":{"start":{"line":19,"column":6},"end":{"line":19,"column":18}},"12":{"start":{"line":21,"column":6},"end":{"line":21,"column":16}},"13":{"start":{"line":26,"column":4},"end":{"line":39,"column":5}},"14":{"start":{"line":27,"column":19},"end":{"line":27,"column":62}},"15":{"start":{"line":28,"column":21},"end":{"line":28,"column":32}},"16":{"start":{"line":30,"column":18},"end":{"line":30,"column":46}},"17":{"start":{"line":32,"column":6},"end":{"line":34,"column":7}},"18":{"start":{"line":33,"column":8},"end":{"line":33,"column":24}},"19":{"start":{"line":36,"column":6},"end":{"line":36,"column":16}},"20":{"start":{"line":38,"column":6},"end":{"line":38,"column":16}},"21":{"start":{"line":43,"column":4},"end":{"line":55,"column":5}},"22":{"start":{"line":44,"column":19},"end":{"line":44,"column":64}},"23":{"start":{"line":45,"column":21},"end":{"line":45,"column":25}},"24":{"start":{"line":47,"column":18},"end":{"line":47,"column":46}},"25":{"start":{"line":49,"column":6},"end":{"line":51,"column":7}},"26":{"start":{"line":50,"column":8},"end":{"line":50,"column":27}},"27":{"start":{"line":52,"column":6},"end":{"line":52,"column":18}},"28":{"start":{"line":54,"column":6},"end":{"line":54,"column":16}},"29":{"start":{"line":60,"column":4},"end":{"line":71,"column":5}},"30":{"start":{"line":61,"column":19},"end":{"line":61,"column":72}},"31":{"start":{"line":62,"column":21},"end":{"line":62,"column":32}},"32":{"start":{"line":63,"column":18},"end":{"line":63,"column":46}},"33":{"start":{"line":65,"column":6},"end":{"line":67,"column":7}},"34":{"start":{"line":66,"column":8},"end":{"line":66,"column":24}},"35":{"start":{"line":68,"column":6},"end":{"line":68,"column":16}},"36":{"start":{"line":70,"column":6},"end":{"line":70,"column":16}},"37":{"start":{"line":76,"column":4},"end":{"line":87,"column":5}},"38":{"start":{"line":77,"column":19},"end":{"line":77,"column":70}},"39":{"start":{"line":78,"column":21},"end":{"line":78,"column":30}},"40":{"start":{"line":79,"column":18},"end":{"line":79,"column":46}},"41":{"start":{"line":81,"column":6},"end":{"line":83,"column":7}},"42":{"start":{"line":82,"column":8},"end":{"line":82,"column":24}},"43":{"start":{"line":84,"column":6},"end":{"line":84,"column":16}},"44":{"start":{"line":86,"column":6},"end":{"line":86,"column":16}},"45":{"start":{"line":91,"column":4},"end":{"line":104,"column":5}},"46":{"start":{"line":92,"column":19},"end":{"line":92,"column":106}},"47":{"start":{"line":93,"column":21},"end":{"line":93,"column":32}},"48":{"start":{"line":95,"column":18},"end":{"line":95,"column":46}},"49":{"start":{"line":97,"column":6},"end":{"line":99,"column":7}},"50":{"start":{"line":98,"column":8},"end":{"line":98,"column":39}},"51":{"start":{"line":101,"column":6},"end":{"line":101,"column":18}},"52":{"start":{"line":103,"column":6},"end":{"line":103,"column":16}}},"fnMap":{"0":{"name":"(anonymous_0)","decl":{"start":{"line":4,"column":2},"end":{"line":4,"column":3}},"loc":{"start":{"line":4,"column":28},"end":{"line":23,"column":3}},"line":4},"1":{"name":"(anonymous_1)","decl":{"start":{"line":25,"column":2},"end":{"line":25,"column":3}},"loc":{"start":{"line":25,"column":41},"end":{"line":40,"column":3}},"line":25},"2":{"name":"(anonymous_2)","decl":{"start":{"line":42,"column":2},"end":{"line":42,"column":3}},"loc":{"start":{"line":42,"column":26},"end":{"line":56,"column":3}},"line":42},"3":{"name":"(anonymous_3)","decl":{"start":{"line":58,"column":2},"end":{"line":58,"column":3}},"loc":{"start":{"line":58,"column":44},"end":{"line":72,"column":3}},"line":58},"4":{"name":"(anonymous_4)","decl":{"start":{"line":74,"column":2},"end":{"line":74,"column":3}},"loc":{"start":{"line":74,"column":40},"end":{"line":88,"column":3}},"line":74},"5":{"name":"(anonymous_5)","decl":{"start":{"line":90,"column":2},"end":{"line":90,"column":3}},"loc":{"start":{"line":90,"column":39},"end":{"line":105,"column":3}},"line":90}},"branchMap":{"0":{"loc":{"start":{"line":15,"column":6},"end":{"line":17,"column":7}},"type":"if","locations":[{"start":{"line":15,"column":6},"end":{"line":17,"column":7}},{"start":{},"end":{}}],"line":15},"1":{"loc":{"start":{"line":32,"column":6},"end":{"line":34,"column":7}},"type":"if","locations":[{"start":{"line":32,"column":6},"end":{"line":34,"column":7}},{"start":{},"end":{}}],"line":32},"2":{"loc":{"start":{"line":49,"column":6},"end":{"line":51,"column":7}},"type":"if","locations":[{"start":{"line":49,"column":6},"end":{"line":51,"column":7}},{"start":{},"end":{}}],"line":49},"3":{"loc":{"start":{"line":65,"column":6},"end":{"line":67,"column":7}},"type":"if","locations":[{"start":{"line":65,"column":6},"end":{"line":67,"column":7}},{"start":{},"end":{}}],"line":65},"4":{"loc":{"start":{"line":81,"column":6},"end":{"line":83,"column":7}},"type":"if","locations":[{"start":{"line":81,"column":6},"end":{"line":83,"column":7}},{"start":{},"end":{}}],"line":81},"5":{"loc":{"start":{"line":97,"column":6},"end":{"line":99,"column":7}},"type":"if","locations":[{"start":{"line":97,"column":6},"end":{"line":99,"column":7}},{"start":{},"end":{}}],"line":97}},"s":{"0":4,"1":4,"2":1,"3":1,"4":1,"5":1,"6":1,"7":1,"8":1,"9":1,"10":1,"11":0,"12":0,"13":0,"14":0,"15":0,"16":0,"17":0,"18":0,"19":0,"20":0,"21":0,"22":0,"23":0,"24":0,"25":0,"26":0,"27":0,"28":0,"29":0,"30":0,"31":0,"32":0,"33":0,"34":0,"35":0,"36":0,"37":0,"38":0,"39":0,"40":0,"41":0,"42":0,"43":0,"44":0,"45":1,"46":1,"47":1,"48":1,"49":1,"50":1,"51":0,"52":0},"f":{"0":1,"1":0,"2":0,"3":0,"4":0,"5":1},"b":{"0":[1,0],"1":[0,0],"2":[0,0],"3":[0,0],"4":[0,0],"5":[1,0]},"_coverageSchema":"1a1c01bbd47fc00a2c39e90264f33305004495a9","hash":"8993af1b5ef585f8db05246cda850282812fa1a2"}
,"D:\\projects\\keijibanApp\\src\\models\\thread.js": {"path":"D:\\projects\\keijibanApp\\src\\models\\thread.js","statementMap":{"0":{"start":{"line":1,"column":11},"end":{"line":1,"column":36}},"1":{"start":{"line":3,"column":0},"end":{"line":81,"column":2}},"2":{"start":{"line":5,"column":17},"end":{"line":5,"column":40}},"3":{"start":{"line":6,"column":19},"end":{"line":6,"column":21}},"4":{"start":{"line":8,"column":4},"end":{"line":16,"column":5}},"5":{"start":{"line":9,"column":18},"end":{"line":9,"column":46}},"6":{"start":{"line":10,"column":6},"end":{"line":12,"column":7}},"7":{"start":{"line":11,"column":8},"end":{"line":11,"column":24}},"8":{"start":{"line":13,"column":6},"end":{"line":13,"column":16}},"9":{"start":{"line":15,"column":6},"end":{"line":15,"column":16}},"10":{"start":{"line":20,"column":17},"end":{"line":20,"column":57}},"11":{"start":{"line":21,"column":19},"end":{"line":21,"column":23}},"12":{"start":{"line":23,"column":4},"end":{"line":31,"column":5}},"13":{"start":{"line":24,"column":18},"end":{"line":24,"column":46}},"14":{"start":{"line":25,"column":6},"end":{"line":27,"column":7}},"15":{"start":{"line":26,"column":8},"end":{"line":26,"column":24}},"16":{"start":{"line":28,"column":6},"end":{"line":28,"column":16}},"17":{"start":{"line":30,"column":6},"end":{"line":30,"column":16}},"18":{"start":{"line":35,"column":31},"end":{"line":35,"column":35}},"19":{"start":{"line":36,"column":22},"end":{"line":36,"column":32}},"20":{"start":{"line":37,"column":17},"end":{"line":37,"column":98}},"21":{"start":{"line":38,"column":19},"end":{"line":38,"column":46}},"22":{"start":{"line":40,"column":4},"end":{"line":48,"column":5}},"23":{"start":{"line":41,"column":18},"end":{"line":41,"column":46}},"24":{"start":{"line":42,"column":6},"end":{"line":44,"column":7}},"25":{"start":{"line":43,"column":8},"end":{"line":43,"column":27}},"26":{"start":{"line":45,"column":6},"end":{"line":45,"column":18}},"27":{"start":{"line":47,"column":6},"end":{"line":47,"column":16}},"28":{"start":{"line":52,"column":17},"end":{"line":52,"column":62}},"29":{"start":{"line":53,"column":19},"end":{"line":53,"column":23}},"30":{"start":{"line":55,"column":4},"end":{"line":63,"column":5}},"31":{"start":{"line":56,"column":18},"end":{"line":56,"column":46}},"32":{"start":{"line":57,"column":6},"end":{"line":59,"column":7}},"33":{"start":{"line":58,"column":8},"end":{"line":58,"column":27}},"34":{"start":{"line":60,"column":6},"end":{"line":60,"column":18}},"35":{"start":{"line":62,"column":6},"end":{"line":62,"column":16}},"36":{"start":{"line":68,"column":17},"end":{"line":68,"column":67}},"37":{"start":{"line":69,"column":19},"end":{"line":69,"column":28}},"38":{"start":{"line":71,"column":4},"end":{"line":79,"column":5}},"39":{"start":{"line":72,"column":18},"end":{"line":72,"column":46}},"40":{"start":{"line":73,"column":6},"end":{"line":75,"column":7}},"41":{"start":{"line":74,"column":8},"end":{"line":74,"column":24}},"42":{"start":{"line":76,"column":6},"end":{"line":76,"column":16}},"43":{"start":{"line":78,"column":6},"end":{"line":78,"column":16}}},"fnMap":{"0":{"name":"(anonymous_0)","decl":{"start":{"line":4,"column":2},"end":{"line":4,"column":3}},"loc":{"start":{"line":4,"column":21},"end":{"line":17,"column":3}},"line":4},"1":{"name":"(anonymous_1)","decl":{"start":{"line":19,"column":2},"end":{"line":19,"column":3}},"loc":{"start":{"line":19,"column":31},"end":{"line":32,"column":3}},"line":19},"2":{"name":"(anonymous_2)","decl":{"start":{"line":34,"column":2},"end":{"line":34,"column":3}},"loc":{"start":{"line":34,"column":27},"end":{"line":49,"column":3}},"line":34},"3":{"name":"(anonymous_3)","decl":{"start":{"line":51,"column":2},"end":{"line":51,"column":3}},"loc":{"start":{"line":51,"column":25},"end":{"line":64,"column":3}},"line":51},"4":{"name":"(anonymous_4)","decl":{"start":{"line":66,"column":2},"end":{"line":66,"column":3}},"loc":{"start":{"line":66,"column":39},"end":{"line":80,"column":3}},"line":66}},"branchMap":{"0":{"loc":{"start":{"line":10,"column":6},"end":{"line":12,"column":7}},"type":"if","locations":[{"start":{"line":10,"column":6},"end":{"line":12,"column":7}},{"start":{},"end":{}}],"line":10},"1":{"loc":{"start":{"line":25,"column":6},"end":{"line":27,"column":7}},"type":"if","locations":[{"start":{"line":25,"column":6},"end":{"line":27,"column":7}},{"start":{},"end":{}}],"line":25},"2":{"loc":{"start":{"line":42,"column":6},"end":{"line":44,"column":7}},"type":"if","locations":[{"start":{"line":42,"column":6},"end":{"line":44,"column":7}},{"start":{},"end":{}}],"line":42},"3":{"loc":{"start":{"line":57,"column":6},"end":{"line":59,"column":7}},"type":"if","locations":[{"start":{"line":57,"column":6},"end":{"line":59,"column":7}},{"start":{},"end":{}}],"line":57},"4":{"loc":{"start":{"line":73,"column":6},"end":{"line":75,"column":7}},"type":"if","locations":[{"start":{"line":73,"column":6},"end":{"line":75,"column":7}},{"start":{},"end":{}}],"line":73}},"s":{"0":4,"1":4,"2":0,"3":0,"4":0,"5":0,"6":0,"7":0,"8":0,"9":0,"10":0,"11":0,"12":0,"13":0,"14":0,"15":0,"16":0,"17":0,"18":0,"19":0,"20":0,"21":0,"22":0,"23":0,"24":0,"25":0,"26":0,"27":0,"28":0,"29":0,"30":0,"31":0,"32":0,"33":0,"34":0,"35":0,"36":0,"37":0,"38":0,"39":0,"40":0,"41":0,"42":0,"43":0},"f":{"0":0,"1":0,"2":0,"3":0,"4":0},"b":{"0":[0,0],"1":[0,0],"2":[0,0],"3":[0,0],"4":[0,0]},"_coverageSchema":"1a1c01bbd47fc00a2c39e90264f33305004495a9","hash":"f959cb6d8f50cde6268038c931f44173f23a2adc"}
,"D:\\projects\\keijibanApp\\src\\models\\user.js": {"path":"D:\\projects\\keijibanApp\\src\\models\\user.js","statementMap":{"0":{"start":{"line":1,"column":11},"end":{"line":1,"column":36}},"1":{"start":{"line":3,"column":0},"end":{"line":90,"column":2}},"2":{"start":{"line":5,"column":42},"end":{"line":5,"column":46}},"3":{"start":{"line":6,"column":22},"end":{"line":6,"column":32}},"4":{"start":{"line":7,"column":17},"end":{"line":7,"column":110}},"5":{"start":{"line":8,"column":19},"end":{"line":8,"column":57}},"6":{"start":{"line":9,"column":4},"end":{"line":17,"column":5}},"7":{"start":{"line":10,"column":18},"end":{"line":10,"column":46}},"8":{"start":{"line":11,"column":6},"end":{"line":13,"column":7}},"9":{"start":{"line":12,"column":8},"end":{"line":12,"column":27}},"10":{"start":{"line":14,"column":6},"end":{"line":14,"column":18}},"11":{"start":{"line":16,"column":6},"end":{"line":16,"column":16}},"12":{"start":{"line":21,"column":36},"end":{"line":21,"column":40}},"13":{"start":{"line":22,"column":17},"end":{"line":22,"column":82}},"14":{"start":{"line":23,"column":19},"end":{"line":23,"column":40}},"15":{"start":{"line":24,"column":4},"end":{"line":32,"column":5}},"16":{"start":{"line":25,"column":18},"end":{"line":25,"column":46}},"17":{"start":{"line":26,"column":6},"end":{"line":28,"column":7}},"18":{"start":{"line":27,"column":8},"end":{"line":27,"column":27}},"19":{"start":{"line":29,"column":6},"end":{"line":29,"column":18}},"20":{"start":{"line":31,"column":6},"end":{"line":31,"column":16}},"21":{"start":{"line":36,"column":17},"end":{"line":36,"column":71}},"22":{"start":{"line":37,"column":19},"end":{"line":37,"column":35}},"23":{"start":{"line":38,"column":4},"end":{"line":46,"column":5}},"24":{"start":{"line":39,"column":18},"end":{"line":39,"column":46}},"25":{"start":{"line":40,"column":6},"end":{"line":42,"column":7}},"26":{"start":{"line":41,"column":8},"end":{"line":41,"column":27}},"27":{"start":{"line":43,"column":6},"end":{"line":43,"column":18}},"28":{"start":{"line":45,"column":6},"end":{"line":45,"column":16}},"29":{"start":{"line":50,"column":17},"end":{"line":50,"column":60}},"30":{"start":{"line":51,"column":19},"end":{"line":51,"column":23}},"31":{"start":{"line":52,"column":4},"end":{"line":60,"column":5}},"32":{"start":{"line":53,"column":18},"end":{"line":53,"column":46}},"33":{"start":{"line":54,"column":6},"end":{"line":56,"column":7}},"34":{"start":{"line":55,"column":8},"end":{"line":55,"column":27}},"35":{"start":{"line":57,"column":6},"end":{"line":57,"column":18}},"36":{"start":{"line":59,"column":6},"end":{"line":59,"column":16}},"37":{"start":{"line":64,"column":17},"end":{"line":64,"column":50}},"38":{"start":{"line":65,"column":19},"end":{"line":65,"column":23}},"39":{"start":{"line":66,"column":4},"end":{"line":74,"column":5}},"40":{"start":{"line":67,"column":18},"end":{"line":67,"column":46}},"41":{"start":{"line":68,"column":6},"end":{"line":70,"column":7}},"42":{"start":{"line":69,"column":8},"end":{"line":69,"column":27}},"43":{"start":{"line":71,"column":6},"end":{"line":71,"column":18}},"44":{"start":{"line":73,"column":6},"end":{"line":73,"column":16}},"45":{"start":{"line":78,"column":17},"end":{"line":78,"column":53}},"46":{"start":{"line":79,"column":19},"end":{"line":79,"column":26}},"47":{"start":{"line":80,"column":4},"end":{"line":88,"column":5}},"48":{"start":{"line":81,"column":18},"end":{"line":81,"column":46}},"49":{"start":{"line":82,"column":6},"end":{"line":84,"column":7}},"50":{"start":{"line":83,"column":8},"end":{"line":83,"column":27}},"51":{"start":{"line":85,"column":6},"end":{"line":85,"column":18}},"52":{"start":{"line":87,"column":6},"end":{"line":87,"column":16}}},"fnMap":{"0":{"name":"(anonymous_0)","decl":{"start":{"line":4,"column":2},"end":{"line":4,"column":3}},"loc":{"start":{"line":4,"column":25},"end":{"line":18,"column":3}},"line":4},"1":{"name":"(anonymous_1)","decl":{"start":{"line":20,"column":2},"end":{"line":20,"column":3}},"loc":{"start":{"line":20,"column":25},"end":{"line":33,"column":3}},"line":20},"2":{"name":"(anonymous_2)","decl":{"start":{"line":35,"column":2},"end":{"line":35,"column":3}},"loc":{"start":{"line":35,"column":43},"end":{"line":47,"column":3}},"line":35},"3":{"name":"(anonymous_3)","decl":{"start":{"line":49,"column":2},"end":{"line":49,"column":3}},"loc":{"start":{"line":49,"column":23},"end":{"line":61,"column":3}},"line":49},"4":{"name":"(anonymous_4)","decl":{"start":{"line":63,"column":2},"end":{"line":63,"column":3}},"loc":{"start":{"line":63,"column":25},"end":{"line":75,"column":3}},"line":63},"5":{"name":"(anonymous_5)","decl":{"start":{"line":77,"column":2},"end":{"line":77,"column":3}},"loc":{"start":{"line":77,"column":31},"end":{"line":89,"column":3}},"line":77}},"branchMap":{"0":{"loc":{"start":{"line":11,"column":6},"end":{"line":13,"column":7}},"type":"if","locations":[{"start":{"line":11,"column":6},"end":{"line":13,"column":7}},{"start":{},"end":{}}],"line":11},"1":{"loc":{"start":{"line":26,"column":6},"end":{"line":28,"column":7}},"type":"if","locations":[{"start":{"line":26,"column":6},"end":{"line":28,"column":7}},{"start":{},"end":{}}],"line":26},"2":{"loc":{"start":{"line":40,"column":6},"end":{"line":42,"column":7}},"type":"if","locations":[{"start":{"line":40,"column":6},"end":{"line":42,"column":7}},{"start":{},"end":{}}],"line":40},"3":{"loc":{"start":{"line":54,"column":6},"end":{"line":56,"column":7}},"type":"if","locations":[{"start":{"line":54,"column":6},"end":{"line":56,"column":7}},{"start":{},"end":{}}],"line":54},"4":{"loc":{"start":{"line":68,"column":6},"end":{"line":70,"column":7}},"type":"if","locations":[{"start":{"line":68,"column":6},"end":{"line":70,"column":7}},{"start":{},"end":{}}],"line":68},"5":{"loc":{"start":{"line":82,"column":6},"end":{"line":84,"column":7}},"type":"if","locations":[{"start":{"line":82,"column":6},"end":{"line":84,"column":7}},{"start":{},"end":{}}],"line":82}},"s":{"0":4,"1":4,"2":0,"3":0,"4":0,"5":0,"6":0,"7":0,"8":0,"9":0,"10":0,"11":0,"12":0,"13":0,"14":0,"15":0,"16":0,"17":0,"18":0,"19":0,"20":0,"21":0,"22":0,"23":0,"24":0,"25":0,"26":0,"27":0,"28":0,"29":0,"30":0,"31":0,"32":0,"33":0,"34":0,"35":0,"36":0,"37":0,"38":0,"39":0,"40":0,"41":0,"42":0,"43":0,"44":0,"45":0,"46":0,"47":0,"48":0,"49":0,"50":0,"51":0,"52":0},"f":{"0":0,"1":0,"2":0,"3":0,"4":0,"5":0},"b":{"0":[0,0],"1":[0,0],"2":[0,0],"3":[0,0],"4":[0,0],"5":[0,0]},"_coverageSchema":"1a1c01bbd47fc00a2c39e90264f33305004495a9","hash":"115667173c3e925ac30de71970f4f9cf982ca86d"}
,"D:\\projects\\keijibanApp\\src\\routes\\auth.js": {"path":"D:\\projects\\keijibanApp\\src\\routes\\auth.js","statementMap":{"0":{"start":{"line":1,"column":16},"end":{"line":1,"column":34}},"1":{"start":{"line":2,"column":15},"end":{"line":2,"column":31}},"2":{"start":{"line":3,"column":20},"end":{"line":3,"column":57}},"3":{"start":{"line":4,"column":28},"end":{"line":4,"column":45}},"4":{"start":{"line":5,"column":17},"end":{"line":5,"column":36}},"5":{"start":{"line":7,"column":0},"end":{"line":16,"column":3}},"6":{"start":{"line":9,"column":15},"end":{"line":9,"column":23}},"7":{"start":{"line":10,"column":2},"end":{"line":15,"column":3}},"8":{"start":{"line":11,"column":21},"end":{"line":11,"column":63}},"9":{"start":{"line":12,"column":4},"end":{"line":12,"column":35}},"10":{"start":{"line":14,"column":4},"end":{"line":14,"column":14}},"11":{"start":{"line":18,"column":0},"end":{"line":25,"column":2}},"12":{"start":{"line":23,"column":4},"end":{"line":23,"column":23}},"13":{"start":{"line":27,"column":0},"end":{"line":27,"column":24}}},"fnMap":{"0":{"name":"(anonymous_0)","decl":{"start":{"line":7,"column":25},"end":{"line":7,"column":26}},"loc":{"start":{"line":7,"column":51},"end":{"line":16,"column":1}},"line":7},"1":{"name":"(anonymous_1)","decl":{"start":{"line":21,"column":2},"end":{"line":21,"column":3}},"loc":{"start":{"line":21,"column":22},"end":{"line":24,"column":3}},"line":21}},"branchMap":{},"s":{"0":4,"1":4,"2":4,"3":4,"4":4,"5":4,"6":0,"7":0,"8":0,"9":0,"10":0,"11":4,"12":0,"13":4},"f":{"0":0,"1":0},"b":{},"_coverageSchema":"1a1c01bbd47fc00a2c39e90264f33305004495a9","hash":"57041f2dc289256278cf5ba823f9045a5480e71a"}
,"D:\\projects\\keijibanApp\\src\\routes\\comment.js": {"path":"D:\\projects\\keijibanApp\\src\\routes\\comment.js","statementMap":{"0":{"start":{"line":1,"column":16},"end":{"line":1,"column":34}},"1":{"start":{"line":2,"column":15},"end":{"line":2,"column":31}},"2":{"start":{"line":3,"column":23},"end":{"line":3,"column":63}},"3":{"start":{"line":4,"column":31},"end":{"line":4,"column":51}},"4":{"start":{"line":6,"column":0},"end":{"line":17,"column":3}},"5":{"start":{"line":7,"column":20},"end":{"line":7,"column":40}},"6":{"start":{"line":8,"column":2},"end":{"line":15,"column":3}},"7":{"start":{"line":9,"column":21},"end":{"line":11,"column":5}},"8":{"start":{"line":12,"column":4},"end":{"line":12,"column":23}},"9":{"start":{"line":14,"column":4},"end":{"line":14,"column":14}},"10":{"start":{"line":16,"column":2},"end":{"line":16,"column":27}},"11":{"start":{"line":19,"column":0},"end":{"line":28,"column":3}},"12":{"start":{"line":21,"column":15},"end":{"line":21,"column":23}},"13":{"start":{"line":22,"column":2},"end":{"line":27,"column":3}},"14":{"start":{"line":23,"column":21},"end":{"line":23,"column":69}},"15":{"start":{"line":24,"column":4},"end":{"line":24,"column":35}},"16":{"start":{"line":26,"column":4},"end":{"line":26,"column":14}},"17":{"start":{"line":30,"column":0},"end":{"line":39,"column":3}},"18":{"start":{"line":32,"column":17},"end":{"line":32,"column":27}},"19":{"start":{"line":33,"column":2},"end":{"line":38,"column":3}},"20":{"start":{"line":34,"column":21},"end":{"line":34,"column":67}},"21":{"start":{"line":35,"column":4},"end":{"line":35,"column":23}},"22":{"start":{"line":37,"column":4},"end":{"line":37,"column":14}},"23":{"start":{"line":41,"column":0},"end":{"line":41,"column":24}}},"fnMap":{"0":{"name":"(anonymous_0)","decl":{"start":{"line":6,"column":26},"end":{"line":6,"column":27}},"loc":{"start":{"line":6,"column":52},"end":{"line":17,"column":1}},"line":6},"1":{"name":"(anonymous_1)","decl":{"start":{"line":19,"column":17},"end":{"line":19,"column":18}},"loc":{"start":{"line":19,"column":43},"end":{"line":28,"column":1}},"line":19},"2":{"name":"(anonymous_2)","decl":{"start":{"line":30,"column":22},"end":{"line":30,"column":23}},"loc":{"start":{"line":30,"column":48},"end":{"line":39,"column":1}},"line":30}},"branchMap":{},"s":{"0":4,"1":4,"2":4,"3":4,"4":4,"5":1,"6":1,"7":1,"8":0,"9":1,"10":1,"11":4,"12":1,"13":1,"14":1,"15":1,"16":0,"17":4,"18":0,"19":0,"20":0,"21":0,"22":0,"23":4},"f":{"0":1,"1":1,"2":0},"b":{},"_coverageSchema":"1a1c01bbd47fc00a2c39e90264f33305004495a9","hash":"c4ff82a2513dcc16f8d566a795568c2aa07550da"}
,"D:\\projects\\keijibanApp\\src\\routes\\thread.js": {"path":"D:\\projects\\keijibanApp\\src\\routes\\thread.js","statementMap":{"0":{"start":{"line":1,"column":16},"end":{"line":1,"column":34}},"1":{"start":{"line":2,"column":15},"end":{"line":2,"column":31}},"2":{"start":{"line":3,"column":22},"end":{"line":3,"column":61}},"3":{"start":{"line":4,"column":30},"end":{"line":4,"column":49}},"4":{"start":{"line":6,"column":0},"end":{"line":13,"column":3}},"5":{"start":{"line":7,"column":2},"end":{"line":12,"column":3}},"6":{"start":{"line":8,"column":21},"end":{"line":8,"column":62}},"7":{"start":{"line":9,"column":4},"end":{"line":9,"column":23}},"8":{"start":{"line":11,"column":4},"end":{"line":11,"column":14}},"9":{"start":{"line":15,"column":0},"end":{"line":23,"column":3}},"10":{"start":{"line":16,"column":15},"end":{"line":16,"column":23}},"11":{"start":{"line":17,"column":2},"end":{"line":22,"column":3}},"12":{"start":{"line":18,"column":21},"end":{"line":18,"column":67}},"13":{"start":{"line":19,"column":4},"end":{"line":19,"column":35}},"14":{"start":{"line":21,"column":4},"end":{"line":21,"column":14}},"15":{"start":{"line":25,"column":0},"end":{"line":27,"column":3}},"16":{"start":{"line":29,"column":0},"end":{"line":37,"column":3}},"17":{"start":{"line":30,"column":17},"end":{"line":30,"column":27}},"18":{"start":{"line":31,"column":2},"end":{"line":36,"column":3}},"19":{"start":{"line":32,"column":21},"end":{"line":32,"column":63}},"20":{"start":{"line":33,"column":4},"end":{"line":33,"column":23}},"21":{"start":{"line":35,"column":4},"end":{"line":35,"column":14}},"22":{"start":{"line":39,"column":0},"end":{"line":39,"column":24}}},"fnMap":{"0":{"name":"(anonymous_0)","decl":{"start":{"line":6,"column":16},"end":{"line":6,"column":17}},"loc":{"start":{"line":6,"column":42},"end":{"line":13,"column":1}},"line":6},"1":{"name":"(anonymous_1)","decl":{"start":{"line":15,"column":17},"end":{"line":15,"column":18}},"loc":{"start":{"line":15,"column":43},"end":{"line":23,"column":1}},"line":15},"2":{"name":"(anonymous_2)","decl":{"start":{"line":25,"column":19},"end":{"line":25,"column":20}},"loc":{"start":{"line":25,"column":39},"end":{"line":27,"column":1}},"line":25},"3":{"name":"(anonymous_3)","decl":{"start":{"line":29,"column":22},"end":{"line":29,"column":23}},"loc":{"start":{"line":29,"column":48},"end":{"line":37,"column":1}},"line":29}},"branchMap":{},"s":{"0":4,"1":4,"2":4,"3":4,"4":4,"5":0,"6":0,"7":0,"8":0,"9":4,"10":0,"11":0,"12":0,"13":0,"14":0,"15":4,"16":4,"17":0,"18":0,"19":0,"20":0,"21":0,"22":4},"f":{"0":0,"1":0,"2":0,"3":0},"b":{},"_coverageSchema":"1a1c01bbd47fc00a2c39e90264f33305004495a9","hash":"dec3a2e5d85c36b76ef8f7a9344289d18e66f246"}
,"D:\\projects\\keijibanApp\\src\\routes\\user.js": {"path":"D:\\projects\\keijibanApp\\src\\routes\\user.js","statementMap":{"0":{"start":{"line":1,"column":16},"end":{"line":1,"column":34}},"1":{"start":{"line":2,"column":15},"end":{"line":2,"column":31}},"2":{"start":{"line":3,"column":20},"end":{"line":3,"column":57}},"3":{"start":{"line":4,"column":28},"end":{"line":4,"column":45}},"4":{"start":{"line":6,"column":0},"end":{"line":9,"column":3}},"5":{"start":{"line":8,"column":2},"end":{"line":8,"column":24}},"6":{"start":{"line":11,"column":0},"end":{"line":13,"column":3}},"7":{"start":{"line":15,"column":0},"end":{"line":24,"column":3}},"8":{"start":{"line":17,"column":17},"end":{"line":17,"column":27}},"9":{"start":{"line":18,"column":2},"end":{"line":23,"column":3}},"10":{"start":{"line":19,"column":21},"end":{"line":19,"column":61}},"11":{"start":{"line":20,"column":4},"end":{"line":20,"column":23}},"12":{"start":{"line":22,"column":4},"end":{"line":22,"column":14}},"13":{"start":{"line":26,"column":0},"end":{"line":26,"column":24}}},"fnMap":{"0":{"name":"(anonymous_0)","decl":{"start":{"line":6,"column":16},"end":{"line":6,"column":17}},"loc":{"start":{"line":6,"column":42},"end":{"line":9,"column":1}},"line":6},"1":{"name":"(anonymous_1)","decl":{"start":{"line":11,"column":19},"end":{"line":11,"column":20}},"loc":{"start":{"line":11,"column":45},"end":{"line":13,"column":1}},"line":11},"2":{"name":"(anonymous_2)","decl":{"start":{"line":15,"column":22},"end":{"line":15,"column":23}},"loc":{"start":{"line":15,"column":48},"end":{"line":24,"column":1}},"line":15}},"branchMap":{},"s":{"0":4,"1":4,"2":4,"3":4,"4":4,"5":1,"6":4,"7":4,"8":0,"9":0,"10":0,"11":0,"12":0,"13":4},"f":{"0":1,"1":0,"2":0},"b":{},"_coverageSchema":"1a1c01bbd47fc00a2c39e90264f33305004495a9","hash":"dbca07bc1da57ab9a8dbc9fe819cbafa18600820"}
,"D:\\projects\\keijibanApp\\src\\services\\authService.js": {"path":"D:\\projects\\keijibanApp\\src\\services\\authService.js","statementMap":{"0":{"start":{"line":1,"column":18},"end":{"line":1,"column":46}},"1":{"start":{"line":2,"column":26},"end":{"line":2,"column":41}},"2":{"start":{"line":3,"column":15},"end":{"line":3,"column":32}},"3":{"start":{"line":4,"column":19},"end":{"line":4,"column":21}},"4":{"start":{"line":6,"column":0},"end":{"line":30,"column":2}},"5":{"start":{"line":8,"column":32},"end":{"line":8,"column":36}},"6":{"start":{"line":9,"column":4},"end":{"line":28,"column":5}},"7":{"start":{"line":10,"column":19},"end":{"line":10,"column":65}},"8":{"start":{"line":12,"column":6},"end":{"line":14,"column":7}},"9":{"start":{"line":13,"column":8},"end":{"line":13,"column":53}},"10":{"start":{"line":17,"column":19},"end":{"line":17,"column":58}},"11":{"start":{"line":19,"column":18},"end":{"line":22,"column":8}},"12":{"start":{"line":24,"column":6},"end":{"line":24,"column":26}},"13":{"start":{"line":25,"column":6},"end":{"line":25,"column":17}},"14":{"start":{"line":27,"column":6},"end":{"line":27,"column":16}}},"fnMap":{"0":{"name":"(anonymous_0)","decl":{"start":{"line":7,"column":2},"end":{"line":7,"column":3}},"loc":{"start":{"line":7,"column":25},"end":{"line":29,"column":3}},"line":7}},"branchMap":{"0":{"loc":{"start":{"line":12,"column":6},"end":{"line":14,"column":7}},"type":"if","locations":[{"start":{"line":12,"column":6},"end":{"line":14,"column":7}},{"start":{},"end":{}}],"line":12}},"s":{"0":4,"1":4,"2":4,"3":4,"4":4,"5":0,"6":0,"7":0,"8":0,"9":0,"10":0,"11":0,"12":0,"13":0,"14":0},"f":{"0":0},"b":{"0":[0,0]},"_coverageSchema":"1a1c01bbd47fc00a2c39e90264f33305004495a9","hash":"a4a9742228e55828527a04ceff4b96bcc0fc11ed"}
,"D:\\projects\\keijibanApp\\src\\services\\commentService.js": {"path":"D:\\projects\\keijibanApp\\src\\services\\commentService.js","statementMap":{"0":{"start":{"line":1,"column":21},"end":{"line":1,"column":52}},"1":{"start":{"line":2,"column":29},"end":{"line":2,"column":47}},"2":{"start":{"line":4,"column":0},"end":{"line":45,"column":2}},"3":{"start":{"line":6,"column":26},"end":{"line":6,"column":30}},"4":{"start":{"line":7,"column":4},"end":{"line":25,"column":5}},"5":{"start":{"line":8,"column":24},"end":{"line":10,"column":7}},"6":{"start":{"line":12,"column":6},"end":{"line":16,"column":7}},"7":{"start":{"line":13,"column":8},"end":{"line":13,"column":24}},"8":{"start":{"line":15,"column":8},"end":{"line":15,"column":22}},"9":{"start":{"line":18,"column":18},"end":{"line":21,"column":8}},"10":{"start":{"line":22,"column":6},"end":{"line":22,"column":17}},"11":{"start":{"line":24,"column":6},"end":{"line":24,"column":16}},"12":{"start":{"line":29,"column":4},"end":{"line":34,"column":5}},"13":{"start":{"line":30,"column":18},"end":{"line":30,"column":77}},"14":{"start":{"line":31,"column":6},"end":{"line":31,"column":17}},"15":{"start":{"line":33,"column":6},"end":{"line":33,"column":16}},"16":{"start":{"line":38,"column":4},"end":{"line":43,"column":5}},"17":{"start":{"line":39,"column":18},"end":{"line":39,"column":62}},"18":{"start":{"line":40,"column":6},"end":{"line":40,"column":17}},"19":{"start":{"line":42,"column":6},"end":{"line":42,"column":16}}},"fnMap":{"0":{"name":"(anonymous_0)","decl":{"start":{"line":5,"column":2},"end":{"line":5,"column":3}},"loc":{"start":{"line":5,"column":28},"end":{"line":26,"column":3}},"line":5},"1":{"name":"(anonymous_1)","decl":{"start":{"line":28,"column":2},"end":{"line":28,"column":3}},"loc":{"start":{"line":28,"column":31},"end":{"line":35,"column":3}},"line":28},"2":{"name":"(anonymous_2)","decl":{"start":{"line":37,"column":2},"end":{"line":37,"column":3}},"loc":{"start":{"line":37,"column":26},"end":{"line":44,"column":3}},"line":37}},"branchMap":{"0":{"loc":{"start":{"line":12,"column":6},"end":{"line":16,"column":7}},"type":"if","locations":[{"start":{"line":12,"column":6},"end":{"line":16,"column":7}},{"start":{"line":14,"column":13},"end":{"line":16,"column":7}}],"line":12}},"s":{"0":4,"1":4,"2":4,"3":1,"4":1,"5":1,"6":1,"7":0,"8":1,"9":1,"10":1,"11":0,"12":0,"13":0,"14":0,"15":0,"16":0,"17":0,"18":0,"19":0},"f":{"0":1,"1":0,"2":0},"b":{"0":[0,1]},"_coverageSchema":"1a1c01bbd47fc00a2c39e90264f33305004495a9","hash":"a3cf0cc4b84ea0f83f53fe03e1ef512cff33d9e9"}
,"D:\\projects\\keijibanApp\\src\\services\\threadService.js": {"path":"D:\\projects\\keijibanApp\\src\\services\\threadService.js","statementMap":{"0":{"start":{"line":1,"column":20},"end":{"line":1,"column":50}},"1":{"start":{"line":2,"column":28},"end":{"line":2,"column":45}},"2":{"start":{"line":3,"column":21},"end":{"line":3,"column":52}},"3":{"start":{"line":4,"column":29},"end":{"line":4,"column":47}},"4":{"start":{"line":6,"column":0},"end":{"line":34,"column":2}},"5":{"start":{"line":8,"column":4},"end":{"line":13,"column":5}},"6":{"start":{"line":9,"column":18},"end":{"line":9,"column":56}},"7":{"start":{"line":10,"column":6},"end":{"line":10,"column":17}},"8":{"start":{"line":12,"column":6},"end":{"line":12,"column":16}},"9":{"start":{"line":17,"column":4},"end":{"line":22,"column":5}},"10":{"start":{"line":18,"column":18},"end":{"line":18,"column":62}},"11":{"start":{"line":19,"column":6},"end":{"line":19,"column":17}},"12":{"start":{"line":21,"column":6},"end":{"line":21,"column":16}},"13":{"start":{"line":26,"column":4},"end":{"line":32,"column":5}},"14":{"start":{"line":27,"column":6},"end":{"line":27,"column":62}},"15":{"start":{"line":28,"column":18},"end":{"line":28,"column":60}},"16":{"start":{"line":29,"column":6},"end":{"line":29,"column":17}},"17":{"start":{"line":31,"column":6},"end":{"line":31,"column":16}}},"fnMap":{"0":{"name":"(anonymous_0)","decl":{"start":{"line":7,"column":2},"end":{"line":7,"column":3}},"loc":{"start":{"line":7,"column":22},"end":{"line":14,"column":3}},"line":7},"1":{"name":"(anonymous_1)","decl":{"start":{"line":16,"column":2},"end":{"line":16,"column":3}},"loc":{"start":{"line":16,"column":27},"end":{"line":23,"column":3}},"line":16},"2":{"name":"(anonymous_2)","decl":{"start":{"line":25,"column":2},"end":{"line":25,"column":3}},"loc":{"start":{"line":25,"column":23},"end":{"line":33,"column":3}},"line":25}},"branchMap":{},"s":{"0":4,"1":4,"2":4,"3":4,"4":4,"5":0,"6":0,"7":0,"8":0,"9":0,"10":0,"11":0,"12":0,"13":0,"14":0,"15":0,"16":0,"17":0},"f":{"0":0,"1":0,"2":0},"b":{},"_coverageSchema":"1a1c01bbd47fc00a2c39e90264f33305004495a9","hash":"d941f4a875659a7e00cc27c661910d9a133e22fe"}
,"D:\\projects\\keijibanApp\\src\\services\\userService.js": {"path":"D:\\projects\\keijibanApp\\src\\services\\userService.js","statementMap":{"0":{"start":{"line":1,"column":18},"end":{"line":1,"column":46}},"1":{"start":{"line":2,"column":26},"end":{"line":2,"column":41}},"2":{"start":{"line":3,"column":20},"end":{"line":3,"column":50}},"3":{"start":{"line":4,"column":28},"end":{"line":4,"column":45}},"4":{"start":{"line":5,"column":21},"end":{"line":5,"column":52}},"5":{"start":{"line":6,"column":29},"end":{"line":6,"column":47}},"6":{"start":{"line":8,"column":0},"end":{"line":26,"column":2}},"7":{"start":{"line":10,"column":4},"end":{"line":24,"column":5}},"8":{"start":{"line":11,"column":6},"end":{"line":11,"column":60}},"9":{"start":{"line":12,"column":22},"end":{"line":12,"column":70}},"10":{"start":{"line":14,"column":6},"end":{"line":16,"column":9}},"11":{"start":{"line":15,"column":8},"end":{"line":15,"column":65}},"12":{"start":{"line":18,"column":6},"end":{"line":18,"column":58}},"13":{"start":{"line":19,"column":18},"end":{"line":19,"column":56}},"14":{"start":{"line":20,"column":6},"end":{"line":20,"column":26}},"15":{"start":{"line":21,"column":6},"end":{"line":21,"column":17}},"16":{"start":{"line":23,"column":6},"end":{"line":23,"column":16}}},"fnMap":{"0":{"name":"(anonymous_0)","decl":{"start":{"line":9,"column":2},"end":{"line":9,"column":3}},"loc":{"start":{"line":9,"column":23},"end":{"line":25,"column":3}},"line":9},"1":{"name":"(anonymous_1)","decl":{"start":{"line":14,"column":28},"end":{"line":14,"column":29}},"loc":{"start":{"line":14,"column":40},"end":{"line":16,"column":7}},"line":14}},"branchMap":{},"s":{"0":4,"1":4,"2":4,"3":4,"4":4,"5":4,"6":4,"7":0,"8":0,"9":0,"10":0,"11":0,"12":0,"13":0,"14":0,"15":0,"16":0},"f":{"0":0,"1":0},"b":{},"_coverageSchema":"1a1c01bbd47fc00a2c39e90264f33305004495a9","hash":"0ef8dfb4599e1b4f528615e2f27734182be66b94"}
}
